c:\users\casa\documents\beto\gráficas computacionales 2\graficas2\graficas computacionales 2\graficas computacionales 2\debug\graficas computacionales 2.pch
c:\users\casa\documents\beto\gráficas computacionales 2\graficas2\graficas computacionales 2\graficas computacionales 2\debug\vc140.pdb
c:\users\casa\documents\beto\gráficas computacionales 2\graficas2\graficas computacionales 2\graficas computacionales 2\debug\vc140.idb
c:\users\casa\documents\beto\gráficas computacionales 2\graficas2\graficas computacionales 2\graficas computacionales 2\debug\stdafx.obj
c:\users\casa\documents\beto\gráficas computacionales 2\graficas2\graficas computacionales 2\graficas computacionales 2\debug\device.obj
c:\users\casa\documents\beto\gráficas computacionales 2\graficas2\graficas computacionales 2\graficas computacionales 2\debug\devicecontext.obj
c:\users\casa\documents\beto\gráficas computacionales 2\graficas2\graficas computacionales 2\graficas computacionales 2\debug\graficas computacionales 2.obj
c:\users\casa\documents\beto\gráficas computacionales 2\graficas2\graficas computacionales 2\graficas computacionales 2\debug\graphicsapi.obj
c:\users\casa\documents\beto\gráficas computacionales 2\graficas2\graficas computacionales 2\graficas computacionales 2\debug\graphicsbuffer.obj
c:\users\casa\documents\beto\gráficas computacionales 2\graficas2\graficas computacionales 2\graficas computacionales 2\debug\inputlayout.obj
c:\users\casa\documents\beto\gráficas computacionales 2\graficas2\graficas computacionales 2\graficas computacionales 2\debug\mymath.obj
c:\users\casa\documents\beto\gráficas computacionales 2\graficas2\graficas computacionales 2\graficas computacionales 2\debug\rendertargetview.obj
c:\users\casa\documents\beto\gráficas computacionales 2\graficas2\graficas computacionales 2\graficas computacionales 2\debug\shader.obj
c:\users\casa\documents\beto\gráficas computacionales 2\graficas2\graficas computacionales 2\graficas computacionales 2\debug\swapchain.obj
c:\users\casa\documents\beto\gráficas computacionales 2\graficas2\graficas computacionales 2\graficas computacionales 2\debug\texture2d.obj
c:\users\casa\documents\beto\gráficas computacionales 2\graficas2\graficas computacionales 2\graficas computacionales 2\debug\viewport.obj
c:\users\casa\documents\beto\gráficas computacionales 2\graficas2\graficas computacionales 2\debug\graficas computacionales 2.ilk
c:\users\casa\documents\beto\gráficas computacionales 2\graficas2\graficas computacionales 2\debug\graficas computacionales 2.exe
c:\users\casa\documents\beto\gráficas computacionales 2\graficas2\graficas computacionales 2\debug\graficas computacionales 2.pdb
c:\users\casa\documents\beto\gráficas computacionales 2\graficas2\graficas computacionales 2\graficas computacionales 2\debug\graficas computacionales 2.res
c:\users\casa\documents\beto\gráficas computacionales 2\graficas2\graficas computacionales 2\graficas computacionales 2\debug\graficas.2975a3f6.tlog\cl.command.1.tlog
c:\users\casa\documents\beto\gráficas computacionales 2\graficas2\graficas computacionales 2\graficas computacionales 2\debug\graficas.2975a3f6.tlog\cl.read.1.tlog
c:\users\casa\documents\beto\gráficas computacionales 2\graficas2\graficas computacionales 2\graficas computacionales 2\debug\graficas.2975a3f6.tlog\cl.write.1.tlog
c:\users\casa\documents\beto\gráficas computacionales 2\graficas2\graficas computacionales 2\graficas computacionales 2\debug\graficas.2975a3f6.tlog\link.command.1.tlog
c:\users\casa\documents\beto\gráficas computacionales 2\graficas2\graficas computacionales 2\graficas computacionales 2\debug\graficas.2975a3f6.tlog\link.read.1.tlog
c:\users\casa\documents\beto\gráficas computacionales 2\graficas2\graficas computacionales 2\graficas computacionales 2\debug\graficas.2975a3f6.tlog\link.write.1.tlog
c:\users\casa\documents\beto\gráficas computacionales 2\graficas2\graficas computacionales 2\graficas computacionales 2\debug\graficas.2975a3f6.tlog\rc.command.1.tlog
c:\users\casa\documents\beto\gráficas computacionales 2\graficas2\graficas computacionales 2\graficas computacionales 2\debug\graficas.2975a3f6.tlog\rc.read.1.tlog
c:\users\casa\documents\beto\gráficas computacionales 2\graficas2\graficas computacionales 2\graficas computacionales 2\debug\graficas.2975a3f6.tlog\rc.write.1.tlog
