  Texture.cpp
LINK : warning LNK4075: ignoring '/INCREMENTAL' due to '/FORCE' specification
DepthStencilView.obj : warning LNK4075: ignoring '/EDITANDCONTINUE' due to '/OPT:LBR' specification
GraphicsAPI.obj : warning LNK4006: _stbi_convert_iphone_png_to_rgb already defined in Graficas Computacionales 2.obj; second definition ignored
GraphicsAPI.obj : warning LNK4006: _stbi_failure_reason already defined in Graficas Computacionales 2.obj; second definition ignored
GraphicsAPI.obj : warning LNK4006: _stbi_hdr_to_ldr_gamma already defined in Graficas Computacionales 2.obj; second definition ignored
GraphicsAPI.obj : warning LNK4006: _stbi_hdr_to_ldr_scale already defined in Graficas Computacionales 2.obj; second definition ignored
GraphicsAPI.obj : warning LNK4006: _stbi_image_free already defined in Graficas Computacionales 2.obj; second definition ignored
GraphicsAPI.obj : warning LNK4006: _stbi_info already defined in Graficas Computacionales 2.obj; second definition ignored
GraphicsAPI.obj : warning LNK4006: _stbi_info_from_callbacks already defined in Graficas Computacionales 2.obj; second definition ignored
GraphicsAPI.obj : warning LNK4006: _stbi_info_from_file already defined in Graficas Computacionales 2.obj; second definition ignored
GraphicsAPI.obj : warning LNK4006: _stbi_info_from_memory already defined in Graficas Computacionales 2.obj; second definition ignored
GraphicsAPI.obj : warning LNK4006: _stbi_is_16_bit already defined in Graficas Computacionales 2.obj; second definition ignored
GraphicsAPI.obj : warning LNK4006: _stbi_is_16_bit_from_callbacks already defined in Graficas Computacionales 2.obj; second definition ignored
GraphicsAPI.obj : warning LNK4006: _stbi_is_16_bit_from_file already defined in Graficas Computacionales 2.obj; second definition ignored
GraphicsAPI.obj : warning LNK4006: _stbi_is_16_bit_from_memory already defined in Graficas Computacionales 2.obj; second definition ignored
GraphicsAPI.obj : warning LNK4006: _stbi_is_hdr already defined in Graficas Computacionales 2.obj; second definition ignored
GraphicsAPI.obj : warning LNK4006: _stbi_is_hdr_from_callbacks already defined in Graficas Computacionales 2.obj; second definition ignored
GraphicsAPI.obj : warning LNK4006: _stbi_is_hdr_from_file already defined in Graficas Computacionales 2.obj; second definition ignored
GraphicsAPI.obj : warning LNK4006: _stbi_is_hdr_from_memory already defined in Graficas Computacionales 2.obj; second definition ignored
GraphicsAPI.obj : warning LNK4006: _stbi_ldr_to_hdr_gamma already defined in Graficas Computacionales 2.obj; second definition ignored
GraphicsAPI.obj : warning LNK4006: _stbi_ldr_to_hdr_scale already defined in Graficas Computacionales 2.obj; second definition ignored
GraphicsAPI.obj : warning LNK4006: _stbi_load already defined in Graficas Computacionales 2.obj; second definition ignored
GraphicsAPI.obj : warning LNK4006: _stbi_load_16 already defined in Graficas Computacionales 2.obj; second definition ignored
GraphicsAPI.obj : warning LNK4006: _stbi_load_16_from_callbacks already defined in Graficas Computacionales 2.obj; second definition ignored
GraphicsAPI.obj : warning LNK4006: _stbi_load_16_from_memory already defined in Graficas Computacionales 2.obj; second definition ignored
GraphicsAPI.obj : warning LNK4006: _stbi_load_from_callbacks already defined in Graficas Computacionales 2.obj; second definition ignored
GraphicsAPI.obj : warning LNK4006: _stbi_load_from_file already defined in Graficas Computacionales 2.obj; second definition ignored
GraphicsAPI.obj : warning LNK4006: _stbi_load_from_file_16 already defined in Graficas Computacionales 2.obj; second definition ignored
GraphicsAPI.obj : warning LNK4006: _stbi_load_from_memory already defined in Graficas Computacionales 2.obj; second definition ignored
GraphicsAPI.obj : warning LNK4006: _stbi_load_gif_from_memory already defined in Graficas Computacionales 2.obj; second definition ignored
GraphicsAPI.obj : warning LNK4006: _stbi_loadf already defined in Graficas Computacionales 2.obj; second definition ignored
GraphicsAPI.obj : warning LNK4006: _stbi_loadf_from_callbacks already defined in Graficas Computacionales 2.obj; second definition ignored
GraphicsAPI.obj : warning LNK4006: _stbi_loadf_from_file already defined in Graficas Computacionales 2.obj; second definition ignored
GraphicsAPI.obj : warning LNK4006: _stbi_loadf_from_memory already defined in Graficas Computacionales 2.obj; second definition ignored
GraphicsAPI.obj : warning LNK4006: _stbi_set_flip_vertically_on_load already defined in Graficas Computacionales 2.obj; second definition ignored
GraphicsAPI.obj : warning LNK4006: _stbi_set_unpremultiply_on_load already defined in Graficas Computacionales 2.obj; second definition ignored
GraphicsAPI.obj : warning LNK4006: _stbi_zlib_decode_buffer already defined in Graficas Computacionales 2.obj; second definition ignored
GraphicsAPI.obj : warning LNK4006: _stbi_zlib_decode_malloc already defined in Graficas Computacionales 2.obj; second definition ignored
GraphicsAPI.obj : warning LNK4006: _stbi_zlib_decode_malloc_guesssize already defined in Graficas Computacionales 2.obj; second definition ignored
GraphicsAPI.obj : warning LNK4006: _stbi_zlib_decode_malloc_guesssize_headerflag already defined in Graficas Computacionales 2.obj; second definition ignored
GraphicsAPI.obj : warning LNK4006: _stbi_zlib_decode_noheader_buffer already defined in Graficas Computacionales 2.obj; second definition ignored
GraphicsAPI.obj : warning LNK4006: _stbi_zlib_decode_noheader_malloc already defined in Graficas Computacionales 2.obj; second definition ignored
Mesh.obj : warning LNK4006: _stbi_convert_iphone_png_to_rgb already defined in Graficas Computacionales 2.obj; second definition ignored
Mesh.obj : warning LNK4006: _stbi_failure_reason already defined in Graficas Computacionales 2.obj; second definition ignored
Mesh.obj : warning LNK4006: _stbi_hdr_to_ldr_gamma already defined in Graficas Computacionales 2.obj; second definition ignored
Mesh.obj : warning LNK4006: _stbi_hdr_to_ldr_scale already defined in Graficas Computacionales 2.obj; second definition ignored
Mesh.obj : warning LNK4006: _stbi_image_free already defined in Graficas Computacionales 2.obj; second definition ignored
Mesh.obj : warning LNK4006: _stbi_info already defined in Graficas Computacionales 2.obj; second definition ignored
Mesh.obj : warning LNK4006: _stbi_info_from_callbacks already defined in Graficas Computacionales 2.obj; second definition ignored
Mesh.obj : warning LNK4006: _stbi_info_from_file already defined in Graficas Computacionales 2.obj; second definition ignored
Mesh.obj : warning LNK4006: _stbi_info_from_memory already defined in Graficas Computacionales 2.obj; second definition ignored
Mesh.obj : warning LNK4006: _stbi_is_16_bit already defined in Graficas Computacionales 2.obj; second definition ignored
Mesh.obj : warning LNK4006: _stbi_is_16_bit_from_callbacks already defined in Graficas Computacionales 2.obj; second definition ignored
Mesh.obj : warning LNK4006: _stbi_is_16_bit_from_file already defined in Graficas Computacionales 2.obj; second definition ignored
Mesh.obj : warning LNK4006: _stbi_is_16_bit_from_memory already defined in Graficas Computacionales 2.obj; second definition ignored
Mesh.obj : warning LNK4006: _stbi_is_hdr already defined in Graficas Computacionales 2.obj; second definition ignored
Mesh.obj : warning LNK4006: _stbi_is_hdr_from_callbacks already defined in Graficas Computacionales 2.obj; second definition ignored
Mesh.obj : warning LNK4006: _stbi_is_hdr_from_file already defined in Graficas Computacionales 2.obj; second definition ignored
Mesh.obj : warning LNK4006: _stbi_is_hdr_from_memory already defined in Graficas Computacionales 2.obj; second definition ignored
Mesh.obj : warning LNK4006: _stbi_ldr_to_hdr_gamma already defined in Graficas Computacionales 2.obj; second definition ignored
Mesh.obj : warning LNK4006: _stbi_ldr_to_hdr_scale already defined in Graficas Computacionales 2.obj; second definition ignored
Mesh.obj : warning LNK4006: _stbi_load already defined in Graficas Computacionales 2.obj; second definition ignored
Mesh.obj : warning LNK4006: _stbi_load_16 already defined in Graficas Computacionales 2.obj; second definition ignored
Mesh.obj : warning LNK4006: _stbi_load_16_from_callbacks already defined in Graficas Computacionales 2.obj; second definition ignored
Mesh.obj : warning LNK4006: _stbi_load_16_from_memory already defined in Graficas Computacionales 2.obj; second definition ignored
Mesh.obj : warning LNK4006: _stbi_load_from_callbacks already defined in Graficas Computacionales 2.obj; second definition ignored
Mesh.obj : warning LNK4006: _stbi_load_from_file already defined in Graficas Computacionales 2.obj; second definition ignored
Mesh.obj : warning LNK4006: _stbi_load_from_file_16 already defined in Graficas Computacionales 2.obj; second definition ignored
Mesh.obj : warning LNK4006: _stbi_load_from_memory already defined in Graficas Computacionales 2.obj; second definition ignored
Mesh.obj : warning LNK4006: _stbi_load_gif_from_memory already defined in Graficas Computacionales 2.obj; second definition ignored
Mesh.obj : warning LNK4006: _stbi_loadf already defined in Graficas Computacionales 2.obj; second definition ignored
Mesh.obj : warning LNK4006: _stbi_loadf_from_callbacks already defined in Graficas Computacionales 2.obj; second definition ignored
Mesh.obj : warning LNK4006: _stbi_loadf_from_file already defined in Graficas Computacionales 2.obj; second definition ignored
Mesh.obj : warning LNK4006: _stbi_loadf_from_memory already defined in Graficas Computacionales 2.obj; second definition ignored
Mesh.obj : warning LNK4006: _stbi_set_flip_vertically_on_load already defined in Graficas Computacionales 2.obj; second definition ignored
Mesh.obj : warning LNK4006: _stbi_set_unpremultiply_on_load already defined in Graficas Computacionales 2.obj; second definition ignored
Mesh.obj : warning LNK4006: _stbi_zlib_decode_buffer already defined in Graficas Computacionales 2.obj; second definition ignored
Mesh.obj : warning LNK4006: _stbi_zlib_decode_malloc already defined in Graficas Computacionales 2.obj; second definition ignored
Mesh.obj : warning LNK4006: _stbi_zlib_decode_malloc_guesssize already defined in Graficas Computacionales 2.obj; second definition ignored
Mesh.obj : warning LNK4006: _stbi_zlib_decode_malloc_guesssize_headerflag already defined in Graficas Computacionales 2.obj; second definition ignored
Mesh.obj : warning LNK4006: _stbi_zlib_decode_noheader_buffer already defined in Graficas Computacionales 2.obj; second definition ignored
Mesh.obj : warning LNK4006: _stbi_zlib_decode_noheader_malloc already defined in Graficas Computacionales 2.obj; second definition ignored
Model.obj : warning LNK4006: _stbi_convert_iphone_png_to_rgb already defined in Graficas Computacionales 2.obj; second definition ignored
Model.obj : warning LNK4006: _stbi_failure_reason already defined in Graficas Computacionales 2.obj; second definition ignored
Model.obj : warning LNK4006: _stbi_hdr_to_ldr_gamma already defined in Graficas Computacionales 2.obj; second definition ignored
Model.obj : warning LNK4006: _stbi_hdr_to_ldr_scale already defined in Graficas Computacionales 2.obj; second definition ignored
Model.obj : warning LNK4006: _stbi_image_free already defined in Graficas Computacionales 2.obj; second definition ignored
Model.obj : warning LNK4006: _stbi_info already defined in Graficas Computacionales 2.obj; second definition ignored
Model.obj : warning LNK4006: _stbi_info_from_callbacks already defined in Graficas Computacionales 2.obj; second definition ignored
Model.obj : warning LNK4006: _stbi_info_from_file already defined in Graficas Computacionales 2.obj; second definition ignored
Model.obj : warning LNK4006: _stbi_info_from_memory already defined in Graficas Computacionales 2.obj; second definition ignored
Model.obj : warning LNK4006: _stbi_is_16_bit already defined in Graficas Computacionales 2.obj; second definition ignored
Model.obj : warning LNK4006: _stbi_is_16_bit_from_callbacks already defined in Graficas Computacionales 2.obj; second definition ignored
Model.obj : warning LNK4006: _stbi_is_16_bit_from_file already defined in Graficas Computacionales 2.obj; second definition ignored
Model.obj : warning LNK4006: _stbi_is_16_bit_from_memory already defined in Graficas Computacionales 2.obj; second definition ignored
Model.obj : warning LNK4006: _stbi_is_hdr already defined in Graficas Computacionales 2.obj; second definition ignored
Model.obj : warning LNK4006: _stbi_is_hdr_from_callbacks already defined in Graficas Computacionales 2.obj; second definition ignored
Model.obj : warning LNK4006: _stbi_is_hdr_from_file already defined in Graficas Computacionales 2.obj; second definition ignored
Model.obj : warning LNK4006: _stbi_is_hdr_from_memory already defined in Graficas Computacionales 2.obj; second definition ignored
Model.obj : warning LNK4006: _stbi_ldr_to_hdr_gamma already defined in Graficas Computacionales 2.obj; second definition ignored
Model.obj : warning LNK4006: _stbi_ldr_to_hdr_scale already defined in Graficas Computacionales 2.obj; second definition ignored
Model.obj : warning LNK4006: _stbi_load already defined in Graficas Computacionales 2.obj; second definition ignored
Model.obj : warning LNK4006: _stbi_load_16 already defined in Graficas Computacionales 2.obj; second definition ignored
Model.obj : warning LNK4006: _stbi_load_16_from_callbacks already defined in Graficas Computacionales 2.obj; second definition ignored
Model.obj : warning LNK4006: _stbi_load_16_from_memory already defined in Graficas Computacionales 2.obj; second definition ignored
Model.obj : warning LNK4006: _stbi_load_from_callbacks already defined in Graficas Computacionales 2.obj; second definition ignored
Model.obj : warning LNK4006: _stbi_load_from_file already defined in Graficas Computacionales 2.obj; second definition ignored
Model.obj : warning LNK4006: _stbi_load_from_file_16 already defined in Graficas Computacionales 2.obj; second definition ignored
Model.obj : warning LNK4006: _stbi_load_from_memory already defined in Graficas Computacionales 2.obj; second definition ignored
Model.obj : warning LNK4006: _stbi_load_gif_from_memory already defined in Graficas Computacionales 2.obj; second definition ignored
Model.obj : warning LNK4006: _stbi_loadf already defined in Graficas Computacionales 2.obj; second definition ignored
Model.obj : warning LNK4006: _stbi_loadf_from_callbacks already defined in Graficas Computacionales 2.obj; second definition ignored
Model.obj : warning LNK4006: _stbi_loadf_from_file already defined in Graficas Computacionales 2.obj; second definition ignored
Model.obj : warning LNK4006: _stbi_loadf_from_memory already defined in Graficas Computacionales 2.obj; second definition ignored
Model.obj : warning LNK4006: _stbi_set_flip_vertically_on_load already defined in Graficas Computacionales 2.obj; second definition ignored
Model.obj : warning LNK4006: _stbi_set_unpremultiply_on_load already defined in Graficas Computacionales 2.obj; second definition ignored
Model.obj : warning LNK4006: _stbi_zlib_decode_buffer already defined in Graficas Computacionales 2.obj; second definition ignored
Model.obj : warning LNK4006: _stbi_zlib_decode_malloc already defined in Graficas Computacionales 2.obj; second definition ignored
Model.obj : warning LNK4006: _stbi_zlib_decode_malloc_guesssize already defined in Graficas Computacionales 2.obj; second definition ignored
Model.obj : warning LNK4006: _stbi_zlib_decode_malloc_guesssize_headerflag already defined in Graficas Computacionales 2.obj; second definition ignored
Model.obj : warning LNK4006: _stbi_zlib_decode_noheader_buffer already defined in Graficas Computacionales 2.obj; second definition ignored
Model.obj : warning LNK4006: _stbi_zlib_decode_noheader_malloc already defined in Graficas Computacionales 2.obj; second definition ignored
Texture.obj : warning LNK4006: _stbi_convert_iphone_png_to_rgb already defined in Graficas Computacionales 2.obj; second definition ignored
Texture.obj : warning LNK4006: _stbi_failure_reason already defined in Graficas Computacionales 2.obj; second definition ignored
Texture.obj : warning LNK4006: _stbi_hdr_to_ldr_gamma already defined in Graficas Computacionales 2.obj; second definition ignored
Texture.obj : warning LNK4006: _stbi_hdr_to_ldr_scale already defined in Graficas Computacionales 2.obj; second definition ignored
Texture.obj : warning LNK4006: _stbi_image_free already defined in Graficas Computacionales 2.obj; second definition ignored
Texture.obj : warning LNK4006: _stbi_info already defined in Graficas Computacionales 2.obj; second definition ignored
Texture.obj : warning LNK4006: _stbi_info_from_callbacks already defined in Graficas Computacionales 2.obj; second definition ignored
Texture.obj : warning LNK4006: _stbi_info_from_file already defined in Graficas Computacionales 2.obj; second definition ignored
Texture.obj : warning LNK4006: _stbi_info_from_memory already defined in Graficas Computacionales 2.obj; second definition ignored
Texture.obj : warning LNK4006: _stbi_is_16_bit already defined in Graficas Computacionales 2.obj; second definition ignored
Texture.obj : warning LNK4006: _stbi_is_16_bit_from_callbacks already defined in Graficas Computacionales 2.obj; second definition ignored
Texture.obj : warning LNK4006: _stbi_is_16_bit_from_file already defined in Graficas Computacionales 2.obj; second definition ignored
Texture.obj : warning LNK4006: _stbi_is_16_bit_from_memory already defined in Graficas Computacionales 2.obj; second definition ignored
Texture.obj : warning LNK4006: _stbi_is_hdr already defined in Graficas Computacionales 2.obj; second definition ignored
Texture.obj : warning LNK4006: _stbi_is_hdr_from_callbacks already defined in Graficas Computacionales 2.obj; second definition ignored
Texture.obj : warning LNK4006: _stbi_is_hdr_from_file already defined in Graficas Computacionales 2.obj; second definition ignored
Texture.obj : warning LNK4006: _stbi_is_hdr_from_memory already defined in Graficas Computacionales 2.obj; second definition ignored
Texture.obj : warning LNK4006: _stbi_ldr_to_hdr_gamma already defined in Graficas Computacionales 2.obj; second definition ignored
Texture.obj : warning LNK4006: _stbi_ldr_to_hdr_scale already defined in Graficas Computacionales 2.obj; second definition ignored
Texture.obj : warning LNK4006: _stbi_load already defined in Graficas Computacionales 2.obj; second definition ignored
Texture.obj : warning LNK4006: _stbi_load_16 already defined in Graficas Computacionales 2.obj; second definition ignored
Texture.obj : warning LNK4006: _stbi_load_16_from_callbacks already defined in Graficas Computacionales 2.obj; second definition ignored
Texture.obj : warning LNK4006: _stbi_load_16_from_memory already defined in Graficas Computacionales 2.obj; second definition ignored
Texture.obj : warning LNK4006: _stbi_load_from_callbacks already defined in Graficas Computacionales 2.obj; second definition ignored
Texture.obj : warning LNK4006: _stbi_load_from_file already defined in Graficas Computacionales 2.obj; second definition ignored
Texture.obj : warning LNK4006: _stbi_load_from_file_16 already defined in Graficas Computacionales 2.obj; second definition ignored
Texture.obj : warning LNK4006: _stbi_load_from_memory already defined in Graficas Computacionales 2.obj; second definition ignored
Texture.obj : warning LNK4006: _stbi_load_gif_from_memory already defined in Graficas Computacionales 2.obj; second definition ignored
Texture.obj : warning LNK4006: _stbi_loadf already defined in Graficas Computacionales 2.obj; second definition ignored
Texture.obj : warning LNK4006: _stbi_loadf_from_callbacks already defined in Graficas Computacionales 2.obj; second definition ignored
Texture.obj : warning LNK4006: _stbi_loadf_from_file already defined in Graficas Computacionales 2.obj; second definition ignored
Texture.obj : warning LNK4006: _stbi_loadf_from_memory already defined in Graficas Computacionales 2.obj; second definition ignored
Texture.obj : warning LNK4006: _stbi_set_flip_vertically_on_load already defined in Graficas Computacionales 2.obj; second definition ignored
Texture.obj : warning LNK4006: _stbi_set_unpremultiply_on_load already defined in Graficas Computacionales 2.obj; second definition ignored
Texture.obj : warning LNK4006: _stbi_zlib_decode_buffer already defined in Graficas Computacionales 2.obj; second definition ignored
Texture.obj : warning LNK4006: _stbi_zlib_decode_malloc already defined in Graficas Computacionales 2.obj; second definition ignored
Texture.obj : warning LNK4006: _stbi_zlib_decode_malloc_guesssize already defined in Graficas Computacionales 2.obj; second definition ignored
Texture.obj : warning LNK4006: _stbi_zlib_decode_malloc_guesssize_headerflag already defined in Graficas Computacionales 2.obj; second definition ignored
Texture.obj : warning LNK4006: _stbi_zlib_decode_noheader_buffer already defined in Graficas Computacionales 2.obj; second definition ignored
Texture.obj : warning LNK4006: _stbi_zlib_decode_noheader_malloc already defined in Graficas Computacionales 2.obj; second definition ignored
C:\Users\Alberto Villa\Documents\IDV\Sexto Cuatrimestre\Gráficas Computacionales\Graficas Computacionales 2\Debug\Graficas Computacionales 2.exe : warning LNK4088: image being generated due to /FORCE option; image may not run
  Graficas Computacionales 2.vcxproj -> C:\Users\Alberto Villa\Documents\IDV\Sexto Cuatrimestre\Gráficas Computacionales\Graficas Computacionales 2\Debug\Graficas Computacionales 2.exe
  Graficas Computacionales 2.vcxproj -> C:\Users\Alberto Villa\Documents\IDV\Sexto Cuatrimestre\Gráficas Computacionales\Graficas Computacionales 2\Debug\Graficas Computacionales 2.pdb (Full PDB)
